<?xml version="1.0" encoding="UTF-8" ?>
<testsuite tests="23" failures="0" name="chess.logic.ailogic.AILogicTest" time="4.412" errors="0" skipped="0">
  <properties>
[...]
</properties>
  <testcase classname="chess.logic.ailogic.AILogicTest" name="boardDoesNotChangeWhenTestingAMove" time="0.117"/>
  <testcase classname="chess.logic.ailogic.AILogicTest" name="testAMoveReturnsValueOfSituationAfterMakingChosenMove" time="0.009"/>
  <testcase classname="chess.logic.ailogic.AILogicTest" name="findBestMoveDoesNotChangePawns" time="1.007"/>
  <testcase classname="chess.logic.ailogic.AILogicTest" name="findBestMoveDoesNotChangeChessBoard" time="1.011"/>
  <testcase classname="chess.logic.ailogic.AILogicTest" name="tryMovingPieceReturnsHighestValueForSituationAfterMovingPiece" time="0.007"/>
  <testcase classname="chess.logic.ailogic.AILogicTest" name="negamaxForHeightZeroReturnsValueOfSituation" time="0.006"/>
  <testcase classname="chess.logic.ailogic.AILogicTest" name="pawnRemainsPawnInComplexSituation" time="0.027"/>
  <testcase classname="chess.logic.ailogic.AILogicTest" name="checkForChangeIncreasesAlphaIfBetterValueFound" time="0.008"/>
  <testcase classname="chess.logic.ailogic.AILogicTest" name="aiWillNotInitiateLosingTrades" time="1.001"/>
  <testcase classname="chess.logic.ailogic.AILogicTest" name="testAMoveRevertsPossiblePromotion" time="0.002"/>
  <testcase classname="chess.logic.ailogic.AILogicTest" name="whenMoveDoesNotProduceBetaCutOffItIsSavedAsKillerCandidate" time="0.001"/>
  <testcase classname="chess.logic.ailogic.AILogicTest" name="tryMovingPieceStopsIfTimeLimitReached" time="0.001"/>
  <testcase classname="chess.logic.ailogic.AILogicTest" name="negamaxReturnsMinus123456789IfTimeLimitIsReached" time="0.001"/>
  <testcase classname="chess.logic.ailogic.AILogicTest" name="alphaIsNotChangedIfWorseValueFound" time="0.008"/>
  <testcase classname="chess.logic.ailogic.AILogicTest" name="pawnRemainsPawnIfPromotionIsTested" time="0.014"/>
  <testcase classname="chess.logic.ailogic.AILogicTest" name="testAMoveReturnsAlphaIfTimeIsUpAndDoesNotChangeBoard" time="0.003"/>
  <testcase classname="chess.logic.ailogic.AILogicTest" name="whenMoveDoesProduceBetaCutOffItIsNotSavedAsKillerCandidate" time="0.001"/>
  <testcase classname="chess.logic.ailogic.AILogicTest" name="checkMateIsBetterThanTakingKnight" time="0.026"/>
  <testcase classname="chess.logic.ailogic.AILogicTest" name="findBestMoveChoosesAMove" time="0.011"/>
  <testcase classname="chess.logic.ailogic.AILogicTest" name="promotionDoesNotChangeChessBoardSituationInComplexSituation" time="1.001"/>
  <testcase classname="chess.logic.ailogic.AILogicTest" name="testAMoveRevertsPossiblePromotionEvenIfMovesMadeAfterIt" time="0.002"/>
  <testcase classname="chess.logic.ailogic.AILogicTest" name="bestMoveCorrectWithOnePiece" time="0.025"/>
  <testcase classname="chess.logic.ailogic.AILogicTest" name="moveIsNotEvaluatedIfItIsIllegal" time="0.006"/>
</testsuite>